-------------------------------------------------------------------------------
Test set: sfgpetclinic.SfgPetClinicApplicationTests
-------------------------------------------------------------------------------
Tests run: 1, Failures: 0, Errors: 1, Skipped: 0, Time elapsed: 0.35 s <<< FAILURE! - in sfgpetclinic.SfgPetClinicApplicationTests
initializationError(sfgpetclinic.SfgPetClinicApplicationTests)  Time elapsed: 0.005 s  <<< ERROR!
java.lang.IllegalStateException: Unable to find a @SpringBootConfiguration, you need to use @ContextConfiguration or @SpringBootTest(classes=...) with your test

